<?xml version="1.0" encoding="UTF-8"?>
<!-- Generated by org.testng.reporters.JUnitReportReporter -->
<testsuite hostname="Darwins-MacBook-Pro.local" failures="0" tests="1" name="com.darvin.AssessmentDemoSecondTest" time="13.911" errors="0" timestamp="2024-07-30T01:21:57 AEST" skipped="0">
  <testcase classname="com.darvin.AssessmentDemoSecondTest" name="secondTestCase" time="13.911"/>
</testsuite> <!-- com.darvin.AssessmentDemoSecondTest -->
