<?xml version="1.0" encoding="UTF-8"?>
<!-- Generated by org.testng.reporters.JUnitReportReporter -->
<testsuite hostname="Darwins-MacBook-Pro.local" failures="0" tests="1" name="com.darvin.AssessmentDemoThirdTest" time="14.096" errors="0" timestamp="2024-07-30T01:21:57 AEST" skipped="0">
  <testcase classname="com.darvin.AssessmentDemoThirdTest" name="thirdTestCase" time="14.096"/>
</testsuite> <!-- com.darvin.AssessmentDemoThirdTest -->
